#
# There is insufficient memory for the Java Runtime Environment to continue.
# Native memory allocation (mmap) failed to map 40894464 bytes for G1 virtual space
# Possible reasons:
#   The system is out of physical RAM or swap space
#   The process is running with CompressedOops enabled, and the Java Heap may be blocking the growth of the native heap
# Possible solutions:
#   Reduce memory load on the system
#   Increase physical memory or swap space
#   Check if swap backing store is full
#   Decrease Java heap size (-Xmx/-Xms)
#   Decrease number of Java threads
#   Decrease Java thread stack sizes (-Xss)
#   Set larger code cache with -XX:ReservedCodeCacheSize=
#   JVM is running with Unscaled Compressed Oops mode in which the Java heap is
#     placed in the first 4GB address space. The Java Heap base address is the
#     maximum limit for the native heap growth. Please use -XX:HeapBaseMinAddress
#     to set the Java Heap base and to place the Java Heap above 4GB virtual address.
# This output file may be truncated or incomplete.
#
#  Out of Memory Error (os_windows.cpp:3825), pid=7184, tid=8848
#
# JRE version: OpenJDK Runtime Environment (17.0.9) (build 17.0.9+0--11185874)
# Java VM: OpenJDK 64-Bit Server VM (17.0.9+0--11185874, mixed mode, tiered, compressed oops, compressed class ptrs, g1 gc, windows-amd64)
# No core dump will be written. Minidumps are not enabled by default on client versions of Windows
#

---------------  S U M M A R Y ------------

Command Line: --add-opens=java.base/java.util=ALL-UNNAMED --add-opens=java.base/java.lang=ALL-UNNAMED --add-opens=java.base/java.lang.invoke=ALL-UNNAMED --add-opens=java.prefs/java.util.prefs=ALL-UNNAMED --add-opens=java.base/java.nio.charset=ALL-UNNAMED --add-opens=java.base/java.net=ALL-UNNAMED --add-opens=java.base/java.util.concurrent.atomic=ALL-UNNAMED -Xmx2048m -Dfile.encoding=UTF-8 -Duser.country=US -Duser.language=en -Duser.variant -javaagent:C:\Users\dohie\.gradle\wrapper\dists\gradle-8.4-bin\1w5dpkrfk8irigvoxmyhowfim\gradle-8.4\lib\agents\gradle-instrumentation-agent-8.4.jar org.gradle.launcher.daemon.bootstrap.GradleDaemon 8.4

Host: 11th Gen Intel(R) Core(TM) i5-11400H @ 2.70GHz, 12 cores, 7G,  Windows 11 , 64 bit Build 22621 (10.0.22621.3374)
Time: Mon Apr  1 08:51:17 2024 SE Asia Standard Time elapsed time: 7.066344 seconds (0d 0h 0m 7s)

---------------  T H R E A D  ---------------

Current thread (0x0000020e75aae160):  VMThread "VM Thread" [stack: 0x000000a817e00000,0x000000a817f00000] [id=8848]

Stack: [0x000000a817e00000,0x000000a817f00000]
Native frames: (J=compiled Java code, j=interpreted, Vv=VM code, C=native code)
V  [jvm.dll+0x6886e9]
V  [jvm.dll+0x841e4a]
V  [jvm.dll+0x843a8e]
V  [jvm.dll+0x8440f3]
V  [jvm.dll+0x24c14f]
V  [jvm.dll+0x685499]
V  [jvm.dll+0x679c2a]
V  [jvm.dll+0x30cf9b]
V  [jvm.dll+0x314446]
V  [jvm.dll+0x36425e]
V  [jvm.dll+0x36448f]
V  [jvm.dll+0x2e2d68]
V  [jvm.dll+0x2e0f44]
V  [jvm.dll+0x2e054c]
V  [jvm.dll+0x3253fb]
V  [jvm.dll+0x8487eb]
V  [jvm.dll+0x849531]
V  [jvm.dll+0x849a4d]
V  [jvm.dll+0x849e24]
V  [jvm.dll+0x849ef0]
V  [jvm.dll+0x7f06aa]
V  [jvm.dll+0x687565]
C  [ucrtbase.dll+0x29333]
C  [KERNEL32.DLL+0x1257d]
C  [ntdll.dll+0x5aa48]

VM_Operation (0x000000a8195f6dc0): G1CollectForAllocation, mode: safepoint, requested by thread 0x0000020e7bda6aa0


---------------  P R O C E S S  ---------------

Threads class SMR info:
_java_thread_list=0x0000020e7c4b3d10, length=42, elements={
0x0000020e5bb01e90, 0x0000020e75aae690, 0x0000020e7a04c320, 0x0000020e7a06b300,
0x0000020e7a06bdd0, 0x0000020e7a07f940, 0x0000020e7a082220, 0x0000020e7a082ed0,
0x0000020e7a083d90, 0x0000020e7a087c90, 0x0000020e7a1a6780, 0x0000020e7a2df980,
0x0000020e7bb54720, 0x0000020e7b807f20, 0x0000020e7bdab800, 0x0000020e7b8aa440,
0x0000020e7b8aa920, 0x0000020e7bda6590, 0x0000020e7bda6aa0, 0x0000020e7bda6fb0,
0x0000020e7bda8e10, 0x0000020e7bda79d0, 0x0000020e7bda74c0, 0x0000020e7bda7ee0,
0x0000020e7bda9830, 0x0000020e7bda6080, 0x0000020e7bda83f0, 0x0000020e7bda8900,
0x0000020e7d69cd20, 0x0000020e7d699570, 0x0000020e7d69dc50, 0x0000020e7d69b8e0,
0x0000020e7d69fab0, 0x0000020e7d699f90, 0x0000020e7d69bdf0, 0x0000020e7d69aec0,
0x0000020e7d69eb80, 0x0000020e7d69b3d0, 0x0000020e7d699a80, 0x0000020e7d69c300,
0x0000020e7d69c810, 0x0000020e7d69d740
}

Java Threads: ( => current thread )
  0x0000020e5bb01e90 JavaThread "main" [_thread_blocked, id=5368, stack(0x000000a817800000,0x000000a817900000)]
  0x0000020e75aae690 JavaThread "Reference Handler" daemon [_thread_blocked, id=7608, stack(0x000000a817f00000,0x000000a818000000)]
  0x0000020e7a04c320 JavaThread "Finalizer" daemon [_thread_blocked, id=5168, stack(0x000000a818000000,0x000000a818100000)]
  0x0000020e7a06b300 JavaThread "Signal Dispatcher" daemon [_thread_blocked, id=2116, stack(0x000000a818100000,0x000000a818200000)]
  0x0000020e7a06bdd0 JavaThread "Attach Listener" daemon [_thread_blocked, id=1736, stack(0x000000a818200000,0x000000a818300000)]
  0x0000020e7a07f940 JavaThread "Service Thread" daemon [_thread_blocked, id=10424, stack(0x000000a818300000,0x000000a818400000)]
  0x0000020e7a082220 JavaThread "Monitor Deflation Thread" daemon [_thread_blocked, id=15096, stack(0x000000a818400000,0x000000a818500000)]
  0x0000020e7a082ed0 JavaThread "C2 CompilerThread0" daemon [_thread_blocked, id=9996, stack(0x000000a818500000,0x000000a818600000)]
  0x0000020e7a083d90 JavaThread "C1 CompilerThread0" daemon [_thread_blocked, id=2816, stack(0x000000a818600000,0x000000a818700000)]
  0x0000020e7a087c90 JavaThread "Sweeper thread" daemon [_thread_blocked, id=17280, stack(0x000000a818700000,0x000000a818800000)]
  0x0000020e7a1a6780 JavaThread "Common-Cleaner" daemon [_thread_blocked, id=16504, stack(0x000000a818800000,0x000000a818900000)]
  0x0000020e7a2df980 JavaThread "Notification Thread" daemon [_thread_blocked, id=12576, stack(0x000000a818900000,0x000000a818a00000)]
  0x0000020e7bb54720 JavaThread "Daemon health stats" [_thread_blocked, id=1640, stack(0x000000a818f00000,0x000000a819000000)]
  0x0000020e7b807f20 JavaThread "Incoming local TCP Connector on port 50158" [_thread_in_native, id=10396, stack(0x000000a819000000,0x000000a819100000)]
  0x0000020e7bdab800 JavaThread "Daemon periodic checks" [_thread_blocked, id=6228, stack(0x000000a819100000,0x000000a819200000)]
  0x0000020e7b8aa440 JavaThread "Daemon" [_thread_blocked, id=2864, stack(0x000000a819200000,0x000000a819300000)]
  0x0000020e7b8aa920 JavaThread "Handler for socket connection from /127.0.0.1:50158 to /127.0.0.1:50159" [_thread_in_native, id=13840, stack(0x000000a819300000,0x000000a819400000)]
  0x0000020e7bda6590 JavaThread "Cancel handler" [_thread_blocked, id=4836, stack(0x000000a819400000,0x000000a819500000)]
  0x0000020e7bda6aa0 JavaThread "Daemon worker" [_thread_blocked, id=1572, stack(0x000000a819500000,0x000000a819600000)]
  0x0000020e7bda6fb0 JavaThread "Asynchronous log dispatcher for DefaultDaemonConnection: socket connection from /127.0.0.1:50158 to /127.0.0.1:50159" [_thread_blocked, id=7472, stack(0x000000a819600000,0x000000a819700000)]
  0x0000020e7bda8e10 JavaThread "Stdin handler" [_thread_blocked, id=3324, stack(0x000000a819700000,0x000000a819800000)]
  0x0000020e7bda79d0 JavaThread "Daemon client event forwarder" [_thread_blocked, id=3444, stack(0x000000a819800000,0x000000a819900000)]
  0x0000020e7bda74c0 JavaThread "Cache worker for journal cache (C:\Users\dohie\.gradle\caches\journal-1)" [_thread_blocked, id=4040, stack(0x000000a81a000000,0x000000a81a100000)]
  0x0000020e7bda7ee0 JavaThread "File lock request listener" [_thread_in_native, id=4008, stack(0x000000a81a100000,0x000000a81a200000)]
  0x0000020e7bda9830 JavaThread "Cache worker for file hash cache (C:\Users\dohie\.gradle\caches\8.4\fileHashes)" [_thread_blocked, id=4212, stack(0x000000a81a200000,0x000000a81a300000)]
  0x0000020e7bda6080 JavaThread "File watcher server" daemon [_thread_blocked, id=9312, stack(0x000000a81a300000,0x000000a81a400000)]
  0x0000020e7bda83f0 JavaThread "File watcher consumer" daemon [_thread_blocked, id=4280, stack(0x000000a81a400000,0x000000a81a500000)]
  0x0000020e7bda8900 JavaThread "Cache worker for checksums cache (C:\Users\dohie\Desktop\Lab_5\.gradle\8.4\checksums)" [_thread_blocked, id=12132, stack(0x000000a81a500000,0x000000a81a600000)]
  0x0000020e7d69cd20 JavaThread "Cache worker for file hash cache (C:\Users\dohie\Desktop\Lab_5\.gradle\8.4\fileHashes)" [_thread_blocked, id=13088, stack(0x000000a81a600000,0x000000a81a700000)]
  0x0000020e7d699570 JavaThread "Cache worker for cache directory md-supplier (C:\Users\dohie\.gradle\caches\8.4\md-supplier)" [_thread_blocked, id=4152, stack(0x000000a81a700000,0x000000a81a800000)]
  0x0000020e7d69dc50 JavaThread "Cache worker for file content cache (C:\Users\dohie\.gradle\caches\8.4\fileContent)" [_thread_blocked, id=12500, stack(0x000000a81a800000,0x000000a81a900000)]
  0x0000020e7d69b8e0 JavaThread "Cache worker for cache directory md-rule (C:\Users\dohie\.gradle\caches\8.4\md-rule)" [_thread_blocked, id=8432, stack(0x000000a81a900000,0x000000a81aa00000)]
  0x0000020e7d69fab0 JavaThread "Cache worker for execution history cache (C:\Users\dohie\.gradle\caches\8.4\executionHistory)" [_thread_blocked, id=8136, stack(0x000000a81aa00000,0x000000a81ab00000)]
  0x0000020e7d699f90 JavaThread "Cache worker for kotlin-dsl (C:\Users\dohie\.gradle\caches\8.4\kotlin-dsl)" [_thread_blocked, id=9136, stack(0x000000a81ac00000,0x000000a81ad00000)]
  0x0000020e7d69bdf0 JavaThread "jar transforms" [_thread_blocked, id=3320, stack(0x000000a81ad00000,0x000000a81ae00000)]
  0x0000020e7d69aec0 JavaThread "jar transforms Thread 2" [_thread_blocked, id=7884, stack(0x000000a81ae00000,0x000000a81af00000)]
  0x0000020e7d69eb80 JavaThread "jar transforms Thread 3" [_thread_blocked, id=13336, stack(0x000000a81af00000,0x000000a81b000000)]
  0x0000020e7d69b3d0 JavaThread "jar transforms Thread 4" [_thread_blocked, id=6904, stack(0x000000a81b000000,0x000000a81b100000)]
  0x0000020e7d699a80 JavaThread "Cache worker for dependencies-accessors (C:\Users\dohie\Desktop\Lab_5\.gradle\8.4\dependencies-accessors)" [_thread_blocked, id=11452, stack(0x000000a81b100000,0x000000a81b200000)]
  0x0000020e7d69c300 JavaThread "Cache worker for Build Output Cleanup Cache (C:\Users\dohie\Desktop\Lab_5\.gradle\buildOutputCleanup)" [_thread_blocked, id=17072, stack(0x000000a81b200000,0x000000a81b300000)]
  0x0000020e7d69c810 JavaThread "jar transforms Thread 5" [_thread_blocked, id=3772, stack(0x000000a81b300000,0x000000a81b400000)]
  0x0000020e7d69d740 JavaThread "jar transforms Thread 6" [_thread_blocked, id=12792, stack(0x000000a81b400000,0x000000a81b500000)]

Other Threads:
=>0x0000020e75aae160 VMThread "VM Thread" [stack: 0x000000a817e00000,0x000000a817f00000] [id=8848]
  0x0000020e5bb02c20 WatcherThread [stack: 0x000000a818a00000,0x000000a818b00000] [id=7768]
  0x0000020e5bb5f3f0 GCTaskThread "GC Thread#0" [stack: 0x000000a817900000,0x000000a817a00000] [id=3864]
  0x0000020e7a7a11d0 GCTaskThread "GC Thread#1" [stack: 0x000000a818b00000,0x000000a818c00000] [id=5460]
  0x0000020e7a82a7f0 GCTaskThread "GC Thread#2" [stack: 0x000000a818c00000,0x000000a818d00000] [id=1324]
  0x0000020e7ad2f2c0 GCTaskThread "GC Thread#3" [stack: 0x000000a818d00000,0x000000a818e00000] [id=5332]
  0x0000020e7ae98560 GCTaskThread "GC Thread#4" [stack: 0x000000a818e00000,0x000000a818f00000] [id=1820]
  0x0000020e7bdab400 GCTaskThread "GC Thread#5" [stack: 0x000000a819900000,0x000000a819a00000] [id=8584]
  0x0000020e7bc2a9a0 GCTaskThread "GC Thread#6" [stack: 0x000000a819a00000,0x000000a819b00000] [id=3760]
  0x0000020e7bc2ac60 GCTaskThread "GC Thread#7" [stack: 0x000000a819b00000,0x000000a819c00000] [id=4416]
  0x0000020e7bc10ba0 GCTaskThread "GC Thread#8" [stack: 0x000000a819c00000,0x000000a819d00000] [id=3752]
  0x0000020e7bc10e60 GCTaskThread "GC Thread#9" [stack: 0x000000a819d00000,0x000000a819e00000] [id=9336]
  0x0000020e59a7df60 ConcurrentGCThread "G1 Main Marker" [stack: 0x000000a817a00000,0x000000a817b00000] [id=12320]
  0x0000020e59a7e980 ConcurrentGCThread "G1 Conc#0" [stack: 0x000000a817b00000,0x000000a817c00000] [id=7532]
  0x0000020e7afea340 ConcurrentGCThread "G1 Conc#1" [stack: 0x000000a819e00000,0x000000a819f00000] [id=4024]
  0x0000020e7b43b370 ConcurrentGCThread "G1 Conc#2" [stack: 0x000000a819f00000,0x000000a81a000000] [id=9056]
  0x0000020e5bbadc80 ConcurrentGCThread "G1 Refine#0" [stack: 0x000000a817c00000,0x000000a817d00000] [id=7196]
  0x0000020e7d30c590 ConcurrentGCThread "G1 Refine#1" [stack: 0x000000a81ab00000,0x000000a81ac00000] [id=8144]
  0x0000020e5bbae6b0 ConcurrentGCThread "G1 Service" [stack: 0x000000a817d00000,0x000000a817e00000] [id=14052]

Threads with active compile tasks:
C2 CompilerThread0     7108 4631       4       sun.net.www.ParseUtil::encodePath (41 bytes)

VM state: at safepoint (normal execution)

VM Mutex/Monitor currently owned by a thread:  ([mutex/lock_event])
[0x0000020e5bafd740] Threads_lock - owner thread: 0x0000020e75aae160
[0x0000020e5bafe670] Heap_lock - owner thread: 0x0000020e7bda6aa0

Heap address: 0x0000000080000000, size: 2048 MB, Compressed Oops mode: 32-bit

CDS archive(s) not mapped
Compressed class space mapped at: 0x0000000100000000-0x0000000140000000, reserved size: 1073741824
Narrow klass base: 0x0000000000000000, Narrow klass shift: 3, Narrow klass range: 0x140000000

GC Precious Log:
 CPUs: 12 total, 12 available
 Memory: 7955M
 Large Page Support: Disabled
 NUMA Support: Disabled
 Compressed Oops: Enabled (32-bit)
 Heap Region Size: 1M
 Heap Min Capacity: 8M
 Heap Initial Capacity: 126M
 Heap Max Capacity: 2G
 Pre-touch: Disabled
 Parallel Workers: 10
 Concurrent Workers: 3
 Concurrent Refinement Workers: 10
 Periodic GC: Disabled

Heap:
 garbage-first heap   total 89088K, used 34855K [0x0000000080000000, 0x0000000100000000)
  region size 1024K, 5 young (5120K), 5 survivors (5120K)
 Metaspace       used 54991K, committed 55552K, reserved 1114112K
  class space    used 7585K, committed 7808K, reserved 1048576K

Heap Regions: E=young(eden), S=young(survivor), O=old, HS=humongous(starts), HC=humongous(continues), CS=collection set, F=free, OA=open archive, CA=closed archive, TAMS=top-at-mark-start (previous, next)
|   0|0x0000000080000000, 0x0000000080100000, 0x0000000080100000|100%|HS|  |TAMS 0x0000000080100000, 0x0000000080000000| Complete 
|   1|0x0000000080100000, 0x0000000080200000, 0x0000000080200000|100%|HC|  |TAMS 0x0000000080200000, 0x0000000080100000| Complete 
|   2|0x0000000080200000, 0x0000000080300000, 0x0000000080300000|100%|HC|  |TAMS 0x0000000080300000, 0x0000000080200000| Complete 
|   3|0x0000000080300000, 0x0000000080400000, 0x0000000080400000|100%|HC|  |TAMS 0x0000000080400000, 0x0000000080300000| Complete 
|   4|0x0000000080400000, 0x0000000080500000, 0x0000000080500000|100%| O|  |TAMS 0x0000000080500000, 0x0000000080400000| Untracked 
|   5|0x0000000080500000, 0x0000000080600000, 0x0000000080600000|100%| O|  |TAMS 0x0000000080600000, 0x0000000080500000| Untracked 
|   6|0x0000000080600000, 0x0000000080700000, 0x0000000080700000|100%| O|  |TAMS 0x0000000080700000, 0x0000000080600000| Untracked 
|   7|0x0000000080700000, 0x0000000080800000, 0x0000000080800000|100%| O|  |TAMS 0x0000000080800000, 0x0000000080700000| Untracked 
|   8|0x0000000080800000, 0x0000000080900000, 0x0000000080900000|100%| O|  |TAMS 0x0000000080900000, 0x0000000080800000| Untracked 
|   9|0x0000000080900000, 0x0000000080a00000, 0x0000000080a00000|100%| O|  |TAMS 0x0000000080a00000, 0x0000000080900000| Untracked 
|  10|0x0000000080a00000, 0x0000000080b00000, 0x0000000080b00000|100%| O|  |TAMS 0x0000000080b00000, 0x0000000080a00000| Untracked 
|  11|0x0000000080b00000, 0x0000000080b95800, 0x0000000080c00000| 58%| O|  |TAMS 0x0000000080b95800, 0x0000000080b00000| Untracked 
|  12|0x0000000080c00000, 0x0000000080d00000, 0x0000000080d00000|100%| O|  |TAMS 0x0000000080d00000, 0x0000000080c00000| Untracked 
|  13|0x0000000080d00000, 0x0000000080e00000, 0x0000000080e00000|100%| O|  |TAMS 0x0000000080e00000, 0x0000000080d00000| Untracked 
|  14|0x0000000080e00000, 0x0000000080f00000, 0x0000000080f00000|100%| O|  |TAMS 0x0000000080f00000, 0x0000000080e00000| Untracked 
|  15|0x0000000080f00000, 0x0000000081000000, 0x0000000081000000|100%| O|  |TAMS 0x0000000081000000, 0x0000000080f00000| Untracked 
|  16|0x0000000081000000, 0x0000000081100000, 0x0000000081100000|100%| O|  |TAMS 0x0000000081100000, 0x0000000081000000| Untracked 
|  17|0x0000000081100000, 0x0000000081200000, 0x0000000081200000|100%| O|  |TAMS 0x0000000081200000, 0x0000000081100000| Untracked 
|  18|0x0000000081200000, 0x0000000081300000, 0x0000000081300000|100%| O|  |TAMS 0x00000000812cdc00, 0x0000000081200000| Untracked 
|  19|0x0000000081300000, 0x0000000081400000, 0x0000000081400000|100%| O|  |TAMS 0x0000000081300000, 0x0000000081300000| Untracked 
|  20|0x0000000081400000, 0x000000008148f200, 0x0000000081500000| 55%| O|  |TAMS 0x0000000081400000, 0x0000000081400000| Untracked 
|  21|0x0000000081500000, 0x0000000081600000, 0x0000000081600000|100%| O|  |TAMS 0x0000000081500000, 0x0000000081500000| Untracked 
|  22|0x0000000081600000, 0x0000000081700000, 0x0000000081700000|100%| O|  |TAMS 0x0000000081600000, 0x0000000081600000| Untracked 
|  23|0x0000000081700000, 0x0000000081800000, 0x0000000081800000|100%| O|  |TAMS 0x0000000081700000, 0x0000000081700000| Untracked 
|  24|0x0000000081800000, 0x00000000818ae800, 0x0000000081900000| 68%| O|  |TAMS 0x0000000081800000, 0x0000000081800000| Untracked 
|  25|0x0000000081900000, 0x0000000081a00000, 0x0000000081a00000|100%| O|  |TAMS 0x0000000081900000, 0x0000000081900000| Untracked 
|  26|0x0000000081a00000, 0x0000000081b00000, 0x0000000081b00000|100%| O|  |TAMS 0x0000000081a00000, 0x0000000081a00000| Untracked 
|  27|0x0000000081b00000, 0x0000000081c00000, 0x0000000081c00000|100%| O|  |TAMS 0x0000000081b00000, 0x0000000081b00000| Untracked 
|  28|0x0000000081c00000, 0x0000000081d00000, 0x0000000081d00000|100%| O|  |TAMS 0x0000000081c00000, 0x0000000081c00000| Untracked 
|  29|0x0000000081d00000, 0x0000000081e00000, 0x0000000081e00000|100%| O|  |TAMS 0x0000000081d00000, 0x0000000081d00000| Untracked 
|  30|0x0000000081e00000, 0x0000000081f00000, 0x0000000081f00000|100%| O|  |TAMS 0x0000000081e00000, 0x0000000081e00000| Untracked 
|  31|0x0000000081f00000, 0x0000000081f00000, 0x0000000082000000|  0%| F|  |TAMS 0x0000000081f00000, 0x0000000081f00000| Untracked 
|  32|0x0000000082000000, 0x0000000082000000, 0x0000000082100000|  0%| F|  |TAMS 0x0000000082000000, 0x0000000082000000| Untracked 
|  33|0x0000000082100000, 0x0000000082100000, 0x0000000082200000|  0%| F|  |TAMS 0x0000000082100000, 0x0000000082100000| Untracked 
|  34|0x0000000082200000, 0x0000000082200000, 0x0000000082300000|  0%| F|  |TAMS 0x0000000082200000, 0x0000000082200000| Untracked 
|  35|0x0000000082300000, 0x0000000082300000, 0x0000000082400000|  0%| F|  |TAMS 0x0000000082300000, 0x0000000082300000| Untracked 
|  36|0x0000000082400000, 0x0000000082400000, 0x0000000082500000|  0%| F|  |TAMS 0x0000000082400000, 0x0000000082400000| Untracked 
|  37|0x0000000082500000, 0x0000000082500000, 0x0000000082600000|  0%| F|  |TAMS 0x0000000082500000, 0x0000000082500000| Untracked 
|  38|0x0000000082600000, 0x0000000082600000, 0x0000000082700000|  0%| F|  |TAMS 0x0000000082600000, 0x0000000082600000| Untracked 
|  39|0x0000000082700000, 0x0000000082700000, 0x0000000082800000|  0%| F|  |TAMS 0x0000000082700000, 0x0000000082700000| Untracked 
|  40|0x0000000082800000, 0x0000000082800000, 0x0000000082900000|  0%| F|  |TAMS 0x0000000082800000, 0x0000000082800000| Untracked 
|  41|0x0000000082900000, 0x0000000082900000, 0x0000000082a00000|  0%| F|  |TAMS 0x0000000082900000, 0x0000000082900000| Untracked 
|  42|0x0000000082a00000, 0x0000000082a36de0, 0x0000000082b00000| 21%| S|CS|TAMS 0x0000000082a00000, 0x0000000082a00000| Complete 
|  43|0x0000000082b00000, 0x0000000082b00000, 0x0000000082c00000|  0%| F|  |TAMS 0x0000000082b00000, 0x0000000082b00000| Untracked 
|  44|0x0000000082c00000, 0x0000000082c00000, 0x0000000082d00000|  0%| F|  |TAMS 0x0000000082c00000, 0x0000000082c00000| Untracked 
|  45|0x0000000082d00000, 0x0000000082d00000, 0x0000000082e00000|  0%| F|  |TAMS 0x0000000082d00000, 0x0000000082d00000| Untracked 
|  46|0x0000000082e00000, 0x0000000082f00000, 0x0000000082f00000|100%| S|CS|TAMS 0x0000000082e00000, 0x0000000082e00000| Complete 
|  47|0x0000000082f00000, 0x0000000083000000, 0x0000000083000000|100%| S|CS|TAMS 0x0000000082f00000, 0x0000000082f00000| Complete 
|  48|0x0000000083000000, 0x0000000083100000, 0x0000000083100000|100%| S|CS|TAMS 0x0000000083000000, 0x0000000083000000| Complete 
|  49|0x0000000083100000, 0x0000000083100000, 0x0000000083200000|  0%| F|  |TAMS 0x0000000083100000, 0x0000000083100000| Untracked 
|  50|0x0000000083200000, 0x0000000083200000, 0x0000000083300000|  0%| F|  |TAMS 0x0000000083200000, 0x0000000083200000| Untracked 
|  51|0x0000000083300000, 0x0000000083400000, 0x0000000083400000|100%| S|CS|TAMS 0x0000000083300000, 0x0000000083300000| Complete 
|  52|0x0000000083400000, 0x0000000083400000, 0x0000000083500000|  0%| F|  |TAMS 0x0000000083400000, 0x0000000083400000| Untracked 
|  53|0x0000000083500000, 0x0000000083500000, 0x0000000083600000|  0%| F|  |TAMS 0x0000000083500000, 0x0000000083500000| Untracked 
|  54|0x0000000083600000, 0x0000000083600000, 0x0000000083700000|  0%| F|  |TAMS 0x0000000083600000, 0x0000000083600000| Untracked 
|  55|0x0000000083700000, 0x0000000083700000, 0x0000000083800000|  0%| F|  |TAMS 0x0000000083700000, 0x0000000083700000| Untracked 
|  56|0x0000000083800000, 0x0000000083800000, 0x0000000083900000|  0%| F|  |TAMS 0x0000000083800000, 0x0000000083800000| Untracked 
|  57|0x0000000083900000, 0x0000000083900000, 0x0000000083a00000|  0%| F|  |TAMS 0x0000000083900000, 0x0000000083900000| Untracked 
|  58|0x0000000083a00000, 0x0000000083a00000, 0x0000000083b00000|  0%| F|  |TAMS 0x0000000083a00000, 0x0000000083a00000| Untracked 
|  59|0x0000000083b00000, 0x0000000083b00000, 0x0000000083c00000|  0%| F|  |TAMS 0x0000000083b00000, 0x0000000083b00000| Untracked 
|  60|0x0000000083c00000, 0x0000000083c00000, 0x0000000083d00000|  0%| F|  |TAMS 0x0000000083c00000, 0x0000000083c00000| Untracked 
|  61|0x0000000083d00000, 0x0000000083d00000, 0x0000000083e00000|  0%| F|  |TAMS 0x0000000083d00000, 0x0000000083d00000| Untracked 
|  62|0x0000000083e00000, 0x0000000083e00000, 0x0000000083f00000|  0%| F|  |TAMS 0x0000000083e00000, 0x0000000083e00000| Untracked 
|  63|0x0000000083f00000, 0x0000000083f00000, 0x0000000084000000|  0%| F|  |TAMS 0x0000000083f00000, 0x0000000083f00000| Untracked 
|  64|0x0000000084000000, 0x0000000084000000, 0x0000000084100000|  0%| F|  |TAMS 0x0000000084000000, 0x0000000084000000| Untracked 
|  65|0x0000000084100000, 0x0000000084100000, 0x0000000084200000|  0%| F|  |TAMS 0x0000000084100000, 0x0000000084100000| Untracked 
|  66|0x0000000084200000, 0x0000000084200000, 0x0000000084300000|  0%| F|  |TAMS 0x0000000084200000, 0x0000000084200000| Untracked 
|  67|0x0000000084300000, 0x0000000084300000, 0x0000000084400000|  0%| F|  |TAMS 0x0000000084300000, 0x0000000084300000| Untracked 
|  68|0x0000000084400000, 0x0000000084400000, 0x0000000084500000|  0%| F|  |TAMS 0x0000000084400000, 0x0000000084400000| Untracked 
|  69|0x0000000084500000, 0x0000000084500000, 0x0000000084600000|  0%| F|  |TAMS 0x0000000084500000, 0x0000000084500000| Untracked 
|  70|0x0000000084600000, 0x0000000084600000, 0x0000000084700000|  0%| F|  |TAMS 0x0000000084600000, 0x0000000084600000| Untracked 
|  71|0x0000000084700000, 0x0000000084700000, 0x0000000084800000|  0%| F|  |TAMS 0x0000000084700000, 0x0000000084700000| Untracked 
|  72|0x0000000084800000, 0x0000000084800000, 0x0000000084900000|  0%| F|  |TAMS 0x0000000084800000, 0x0000000084800000| Untracked 
|  73|0x0000000084900000, 0x0000000084900000, 0x0000000084a00000|  0%| F|  |TAMS 0x0000000084900000, 0x0000000084900000| Untracked 
|  74|0x0000000084a00000, 0x0000000084a00000, 0x0000000084b00000|  0%| F|  |TAMS 0x0000000084a00000, 0x0000000084a00000| Untracked 
|  75|0x0000000084b00000, 0x0000000084b00000, 0x0000000084c00000|  0%| F|  |TAMS 0x0000000084b00000, 0x0000000084b00000| Untracked 
|  76|0x0000000084c00000, 0x0000000084c00000, 0x0000000084d00000|  0%| F|  |TAMS 0x0000000084c00000, 0x0000000084c00000| Untracked 
|  77|0x0000000084d00000, 0x0000000084d00000, 0x0000000084e00000|  0%| F|  |TAMS 0x0000000084d00000, 0x0000000084d00000| Untracked 
|  78|0x0000000084e00000, 0x0000000084e00000, 0x0000000084f00000|  0%| F|  |TAMS 0x0000000084e00000, 0x0000000084e00000| Untracked 
|  79|0x0000000084f00000, 0x0000000084f00000, 0x0000000085000000|  0%| F|  |TAMS 0x0000000084f00000, 0x0000000084f00000| Untracked 
|  80|0x0000000085000000, 0x0000000085000000, 0x0000000085100000|  0%| F|  |TAMS 0x0000000085000000, 0x0000000085000000| Untracked 
|  81|0x0000000085100000, 0x0000000085100000, 0x0000000085200000|  0%| F|  |TAMS 0x0000000085100000, 0x0000000085100000| Untracked 
|  82|0x0000000085200000, 0x0000000085200000, 0x0000000085300000|  0%| F|  |TAMS 0x0000000085200000, 0x0000000085200000| Untracked 
|  83|0x0000000085300000, 0x0000000085300000, 0x0000000085400000|  0%| F|  |TAMS 0x0000000085300000, 0x0000000085300000| Untracked 
|  84|0x0000000085400000, 0x0000000085400000, 0x0000000085500000|  0%| F|  |TAMS 0x0000000085400000, 0x0000000085400000| Untracked 
|  85|0x0000000085500000, 0x0000000085500000, 0x0000000085600000|  0%| F|  |TAMS 0x0000000085500000, 0x0000000085500000| Untracked 
| 125|0x0000000087d00000, 0x0000000087d00000, 0x0000000087e00000|  0%| F|  |TAMS 0x0000000087d00000, 0x0000000087d00000| Untracked 

Card table byte_map: [0x0000020e6e930000,0x0000020e6ed30000] _byte_map_base: 0x0000020e6e530000

Marking Bits (Prev, Next): (CMBitMap*) 0x0000020e5bb5fa10, (CMBitMap*) 0x0000020e5bb5fa50
 Prev Bits: [0x0000020e6f130000, 0x0000020e71130000)
 Next Bits: [0x0000020e71130000, 0x0000020e73130000)

Polling page: 0x0000020e59af0000

Metaspace:

Usage:
  Non-class:     46.30 MB used.
      Class:      7.41 MB used.
       Both:     53.70 MB used.

Virtual space:
  Non-class space:       64.00 MB reserved,      46.62 MB ( 73%) committed,  1 nodes.
      Class space:        1.00 GB reserved,       7.62 MB ( <1%) committed,  1 nodes.
             Both:        1.06 GB reserved,      54.25 MB (  5%) committed. 

Chunk freelists:
   Non-Class:  1.36 MB
       Class:  8.34 MB
        Both:  9.70 MB

MaxMetaspaceSize: unlimited
CompressedClassSpaceSize: 1.00 GB
Initial GC threshold: 21.00 MB
Current GC threshold: 58.69 MB
CDS: off
MetaspaceReclaimPolicy: balanced
 - commit_granule_bytes: 65536.
 - commit_granule_words: 8192.
 - virtual_space_node_default_size: 8388608.
 - enlarge_chunks_in_place: 1.
 - new_chunks_are_fully_committed: 0.
 - uncommit_free_chunks: 1.
 - use_allocation_guard: 0.
 - handle_deallocations: 1.


Internal statistics:

num_allocs_failed_limit: 6.
num_arena_births: 606.
num_arena_deaths: 0.
num_vsnodes_births: 2.
num_vsnodes_deaths: 0.
num_space_committed: 868.
num_space_uncommitted: 0.
num_chunks_returned_to_freelist: 6.
num_chunks_taken_from_freelist: 2403.
num_chunk_merges: 6.
num_chunk_splits: 1581.
num_chunks_enlarged: 1081.
num_inconsistent_stats: 0.

CodeHeap 'non-profiled nmethods': size=120000Kb used=2528Kb max_used=2528Kb free=117471Kb
 bounds [0x0000020e66aa0000, 0x0000020e66d20000, 0x0000020e6dfd0000]
CodeHeap 'profiled nmethods': size=120000Kb used=9463Kb max_used=9463Kb free=110536Kb
 bounds [0x0000020e5efd0000, 0x0000020e5f910000, 0x0000020e66500000]
CodeHeap 'non-nmethods': size=5760Kb used=1636Kb max_used=1675Kb free=4123Kb
 bounds [0x0000020e66500000, 0x0000020e66770000, 0x0000020e66aa0000]
 total_blobs=5466 nmethods=4770 adapters=608
 compilation: enabled
              stopped_count=0, restarted_count=0
 full_count=0

Compilation events (20 events):
Event: 7.017 Thread 0x0000020e7a083d90 4799       3       com.google.common.collect.ImmutableList::asList (2 bytes)
Event: 7.017 Thread 0x0000020e7a083d90 nmethod 4799 0x0000020e5f90ca10 code [0x0000020e5f90cba0, 0x0000020e5f90ccb8]
Event: 7.017 Thread 0x0000020e7a083d90 4800       3       com.google.common.cache.CacheBuilder$1::recordHits (1 bytes)
Event: 7.017 Thread 0x0000020e7a083d90 nmethod 4800 0x0000020e5f90cd90 code [0x0000020e5f90cf20, 0x0000020e5f90d038]
Event: 7.021 Thread 0x0000020e7a083d90 4801       3       org.gradle.internal.snapshot.impl.CoercingStringValueSnapshot::<init> (11 bytes)
Event: 7.022 Thread 0x0000020e7a083d90 nmethod 4801 0x0000020e5f90d110 code [0x0000020e5f90d2c0, 0x0000020e5f90d5f8]
Event: 7.022 Thread 0x0000020e7a083d90 4802       3       org.gradle.api.internal.attributes.DefaultMutableAttributeContainer::<init> (35 bytes)
Event: 7.022 Thread 0x0000020e7a083d90 nmethod 4802 0x0000020e5f90d710 code [0x0000020e5f90d8c0, 0x0000020e5f90dc18]
Event: 7.022 Thread 0x0000020e7a082ed0 nmethod 4544 0x0000020e66d0d390 code [0x0000020e66d0d8c0, 0x0000020e66d13dc8]
Event: 7.023 Thread 0x0000020e7a082ed0 4674       4       java.lang.invoke.DirectMethodHandle$Holder::newInvokeSpecial (21 bytes)
Event: 7.024 Thread 0x0000020e7a082ed0 nmethod 4674 0x0000020e66d16e90 code [0x0000020e66d17020, 0x0000020e66d17208]
Event: 7.024 Thread 0x0000020e7a082ed0 4751       4       com.google.common.collect.RegularImmutableList::get (7 bytes)
Event: 7.024 Thread 0x0000020e7a082ed0 nmethod 4751 0x0000020e66d17410 code [0x0000020e66d17580, 0x0000020e66d17638]
Event: 7.024 Thread 0x0000020e7a082ed0 4696       4       java.lang.invoke.DirectMethodHandle$Holder::newInvokeSpecial (24 bytes)
Event: 7.025 Thread 0x0000020e7a082ed0 nmethod 4696 0x0000020e66d17710 code [0x0000020e66d178a0, 0x0000020e66d17aa8]
Event: 7.025 Thread 0x0000020e7a082ed0 4715       4       java.lang.Integer::numberOfLeadingZeros (79 bytes)
Event: 7.025 Thread 0x0000020e7a082ed0 nmethod 4715 0x0000020e66d17c90 code [0x0000020e66d17e00, 0x0000020e66d17eb8]
Event: 7.025 Thread 0x0000020e7a082ed0 4675       4       com.google.common.collect.RegularImmutableList::size (6 bytes)
Event: 7.025 Thread 0x0000020e7a082ed0 nmethod 4675 0x0000020e66d17f90 code [0x0000020e66d18100, 0x0000020e66d18198]
Event: 7.025 Thread 0x0000020e7a082ed0 4631       4       sun.net.www.ParseUtil::encodePath (41 bytes)

GC Heap History (19 events):
Event: 0.547 GC heap before
{Heap before GC invocations=0 (full 0):
 garbage-first heap   total 129024K, used 26624K [0x0000000080000000, 0x0000000100000000)
  region size 1024K, 23 young (23552K), 0 survivors (0K)
 Metaspace       used 10501K, committed 10624K, reserved 1114112K
  class space    used 1091K, committed 1152K, reserved 1048576K
}
Event: 0.554 GC heap after
{Heap after GC invocations=1 (full 0):
 garbage-first heap   total 129024K, used 10821K [0x0000000080000000, 0x0000000100000000)
  region size 1024K, 3 young (3072K), 3 survivors (3072K)
 Metaspace       used 10501K, committed 10624K, reserved 1114112K
  class space    used 1091K, committed 1152K, reserved 1048576K
}
Event: 0.847 GC heap before
{Heap before GC invocations=1 (full 0):
 garbage-first heap   total 129024K, used 40517K [0x0000000080000000, 0x0000000100000000)
  region size 1024K, 31 young (31744K), 3 survivors (3072K)
 Metaspace       used 11457K, committed 11648K, reserved 1114112K
  class space    used 1197K, committed 1280K, reserved 1048576K
}
Event: 0.850 GC heap after
{Heap after GC invocations=2 (full 0):
 garbage-first heap   total 129024K, used 12539K [0x0000000080000000, 0x0000000100000000)
  region size 1024K, 2 young (2048K), 2 survivors (2048K)
 Metaspace       used 11457K, committed 11648K, reserved 1114112K
  class space    used 1197K, committed 1280K, reserved 1048576K
}
Event: 2.657 GC heap before
{Heap before GC invocations=2 (full 0):
 garbage-first heap   total 129024K, used 55547K [0x0000000080000000, 0x0000000100000000)
  region size 1024K, 45 young (46080K), 2 survivors (2048K)
 Metaspace       used 21310K, committed 21504K, reserved 1114112K
  class space    used 2517K, committed 2624K, reserved 1048576K
}
Event: 2.664 GC heap after
{Heap after GC invocations=3 (full 0):
 garbage-first heap   total 129024K, used 19322K [0x0000000080000000, 0x0000000100000000)
  region size 1024K, 9 young (9216K), 9 survivors (9216K)
 Metaspace       used 21310K, committed 21504K, reserved 1114112K
  class space    used 2517K, committed 2624K, reserved 1048576K
}
Event: 3.350 GC heap before
{Heap before GC invocations=4 (full 0):
 garbage-first heap   total 71680K, used 52090K [0x0000000080000000, 0x0000000100000000)
  region size 1024K, 42 young (43008K), 9 survivors (9216K)
 Metaspace       used 26589K, committed 26880K, reserved 1114112K
  class space    used 3425K, committed 3520K, reserved 1048576K
}
Event: 3.404 GC heap after
{Heap after GC invocations=5 (full 0):
 garbage-first heap   total 71680K, used 21116K [0x0000000080000000, 0x0000000100000000)
  region size 1024K, 3 young (3072K), 3 survivors (3072K)
 Metaspace       used 26589K, committed 26880K, reserved 1114112K
  class space    used 3425K, committed 3520K, reserved 1048576K
}
Event: 3.908 GC heap before
{Heap before GC invocations=5 (full 0):
 garbage-first heap   total 71680K, used 48764K [0x0000000080000000, 0x0000000100000000)
  region size 1024K, 31 young (31744K), 3 survivors (3072K)
 Metaspace       used 30548K, committed 30848K, reserved 1114112K
  class space    used 4065K, committed 4160K, reserved 1048576K
}
Event: 3.948 GC heap after
{Heap after GC invocations=6 (full 0):
 garbage-first heap   total 95232K, used 22270K [0x0000000080000000, 0x0000000100000000)
  region size 1024K, 4 young (4096K), 4 survivors (4096K)
 Metaspace       used 30548K, committed 30848K, reserved 1114112K
  class space    used 4065K, committed 4160K, reserved 1048576K
}
Event: 4.497 GC heap before
{Heap before GC invocations=6 (full 0):
 garbage-first heap   total 95232K, used 59134K [0x0000000080000000, 0x0000000100000000)
  region size 1024K, 41 young (41984K), 4 survivors (4096K)
 Metaspace       used 35625K, committed 35968K, reserved 1114112K
  class space    used 4854K, committed 5056K, reserved 1048576K
}
Event: 4.519 GC heap after
{Heap after GC invocations=7 (full 0):
 garbage-first heap   total 95232K, used 24058K [0x0000000080000000, 0x0000000100000000)
  region size 1024K, 4 young (4096K), 4 survivors (4096K)
 Metaspace       used 35625K, committed 35968K, reserved 1114112K
  class space    used 4854K, committed 5056K, reserved 1048576K
}
Event: 5.292 GC heap before
{Heap before GC invocations=8 (full 0):
 garbage-first heap   total 89088K, used 68090K [0x0000000080000000, 0x0000000100000000)
  region size 1024K, 48 young (49152K), 4 survivors (4096K)
 Metaspace       used 41809K, committed 42176K, reserved 1114112K
  class space    used 5566K, committed 5760K, reserved 1048576K
}
Event: 5.296 GC heap after
{Heap after GC invocations=9 (full 0):
 garbage-first heap   total 89088K, used 28267K [0x0000000080000000, 0x0000000100000000)
  region size 1024K, 6 young (6144K), 6 survivors (6144K)
 Metaspace       used 41809K, committed 42176K, reserved 1114112K
  class space    used 5566K, committed 5760K, reserved 1048576K
}
Event: 5.795 GC heap before
{Heap before GC invocations=9 (full 0):
 garbage-first heap   total 89088K, used 68203K [0x0000000080000000, 0x0000000100000000)
  region size 1024K, 44 young (45056K), 6 survivors (6144K)
 Metaspace       used 45942K, committed 46336K, reserved 1114112K
  class space    used 6156K, committed 6336K, reserved 1048576K
}
Event: 5.812 GC heap after
{Heap after GC invocations=10 (full 0):
 garbage-first heap   total 89088K, used 31021K [0x0000000080000000, 0x0000000100000000)
  region size 1024K, 3 young (3072K), 3 survivors (3072K)
 Metaspace       used 45942K, committed 46336K, reserved 1114112K
  class space    used 6156K, committed 6336K, reserved 1048576K
}
Event: 6.371 GC heap before
{Heap before GC invocations=10 (full 0):
 garbage-first heap   total 89088K, used 67885K [0x0000000080000000, 0x0000000100000000)
  region size 1024K, 39 young (39936K), 3 survivors (3072K)
 Metaspace       used 50747K, committed 51136K, reserved 1114112K
  class space    used 6900K, committed 7104K, reserved 1048576K
}
Event: 6.396 GC heap after
{Heap after GC invocations=11 (full 0):
 garbage-first heap   total 89088K, used 32671K [0x0000000080000000, 0x0000000100000000)
  region size 1024K, 5 young (5120K), 5 survivors (5120K)
 Metaspace       used 50747K, committed 51136K, reserved 1114112K
  class space    used 6900K, committed 7104K, reserved 1048576K
}
Event: 7.026 GC heap before
{Heap before GC invocations=11 (full 0):
 garbage-first heap   total 89088K, used 68511K [0x0000000080000000, 0x0000000100000000)
  region size 1024K, 40 young (40960K), 5 survivors (5120K)
 Metaspace       used 54991K, committed 55552K, reserved 1114112K
  class space    used 7585K, committed 7808K, reserved 1048576K
}

Dll operation events (3 events):
Event: 0.007 Loaded shared library C:\Program Files\Android\Android Studio\jbr\bin\java.dll
Event: 0.127 Loaded shared library C:\Program Files\Android\Android Studio\jbr\bin\zip.dll
Event: 0.336 Loaded shared library C:\Program Files\Android\Android Studio\jbr\bin\verify.dll

Deoptimization events (20 events):
Event: 6.713 Thread 0x0000020e7bda6aa0 DEOPT PACKING pc=0x0000020e66cc98f0 sp=0x000000a8195f9400
Event: 6.713 Thread 0x0000020e7bda6aa0 DEOPT UNPACKING pc=0x0000020e6655a1a3 sp=0x000000a8195f93a0 mode 2
Event: 6.727 Thread 0x0000020e7bda6aa0 Uncommon trap: trap_request=0xffffff3d fr.pc=0x0000020e66c86e98 relative=0x0000000000000cf8
Event: 6.727 Thread 0x0000020e7bda6aa0 Uncommon trap: reason=unstable_fused_if action=reinterpret pc=0x0000020e66c86e98 method=org.objectweb.asm.ByteVector.putUTF8(Ljava/lang/String;)Lorg/objectweb/asm/ByteVector; @ 93 c2
Event: 6.727 Thread 0x0000020e7bda6aa0 DEOPT PACKING pc=0x0000020e66c86e98 sp=0x000000a8195f8790
Event: 6.727 Thread 0x0000020e7bda6aa0 DEOPT UNPACKING pc=0x0000020e6655a1a3 sp=0x000000a8195f86e8 mode 2
Event: 6.747 Thread 0x0000020e7bda6aa0 Uncommon trap: trap_request=0xffffff45 fr.pc=0x0000020e66c90f78 relative=0x0000000000005298
Event: 6.747 Thread 0x0000020e7bda6aa0 Uncommon trap: reason=unstable_if action=reinterpret pc=0x0000020e66c90f78 method=org.objectweb.asm.Frame.execute(IILorg/objectweb/asm/Symbol;Lorg/objectweb/asm/SymbolTable;)V @ 1 c2
Event: 6.747 Thread 0x0000020e7bda6aa0 DEOPT PACKING pc=0x0000020e66c90f78 sp=0x000000a8195f8720
Event: 6.747 Thread 0x0000020e7bda6aa0 DEOPT UNPACKING pc=0x0000020e6655a1a3 sp=0x000000a8195f86c8 mode 2
Event: 6.781 Thread 0x0000020e7bda6aa0 Uncommon trap: trap_request=0xffffffc6 fr.pc=0x0000020e66beee80 relative=0x0000000000000240
Event: 6.781 Thread 0x0000020e7bda6aa0 Uncommon trap: reason=bimorphic_or_optimized_type_check action=maybe_recompile pc=0x0000020e66beee80 method=com.google.common.base.CharMatcher.indexIn(Ljava/lang/CharSequence;I)I @ 31 c2
Event: 6.781 Thread 0x0000020e7bda6aa0 DEOPT PACKING pc=0x0000020e66beee80 sp=0x000000a8195f91b0
Event: 6.781 Thread 0x0000020e7bda6aa0 DEOPT UNPACKING pc=0x0000020e6655a1a3 sp=0x000000a8195f9158 mode 2
Event: 6.785 Thread 0x0000020e7bda6aa0 Uncommon trap: trap_request=0xffffffc6 fr.pc=0x0000020e66beee80 relative=0x0000000000000240
Event: 6.785 Thread 0x0000020e7bda6aa0 Uncommon trap: reason=bimorphic_or_optimized_type_check action=maybe_recompile pc=0x0000020e66beee80 method=com.google.common.base.CharMatcher.indexIn(Ljava/lang/CharSequence;I)I @ 31 c2
Event: 6.785 Thread 0x0000020e7bda6aa0 DEOPT PACKING pc=0x0000020e66beee80 sp=0x000000a8195f8ab0
Event: 6.785 Thread 0x0000020e7bda6aa0 DEOPT UNPACKING pc=0x0000020e6655a1a3 sp=0x000000a8195f8a58 mode 2
Event: 6.871 Thread 0x0000020e7bda6aa0 DEOPT PACKING pc=0x0000020e5f38649b sp=0x000000a8195f5930
Event: 6.871 Thread 0x0000020e7bda6aa0 DEOPT UNPACKING pc=0x0000020e6655ace3 sp=0x000000a8195f4da0 mode 0

Classes unloaded (0 events):
No events

Classes redefined (0 events):
No events

Internal exceptions (20 events):
Event: 6.441 Thread 0x0000020e7bda79d0 Exception <a 'java/lang/NoSuchMethodError'{0x00000000854c3730}: static Lorg/gradle/internal/build/event/types/DefaultProjectConfigurationDescriptor;.<clinit>()V> (0x00000000854c3730) 
thrown [s\src\hotspot\share\prims\jni.cpp, line 1108]
Event: 6.441 Thread 0x0000020e7bda79d0 Exception <a 'java/lang/NoSuchMethodError'{0x00000000854c5ca0}: static Lorg/gradle/internal/build/event/types/DefaultOperationDescriptor;.<clinit>()V> (0x00000000854c5ca0) 
thrown [s\src\hotspot\share\prims\jni.cpp, line 1108]
Event: 6.442 Thread 0x0000020e7bda79d0 Exception <a 'java/lang/NoSuchMethodError'{0x00000000854dd2f8}: static Lorg/gradle/internal/operations/OperationIdentifier;.<clinit>()V> (0x00000000854dd2f8) 
thrown [s\src\hotspot\share\prims\jni.cpp, line 1108]
Event: 6.559 Thread 0x0000020e7bda6aa0 Exception <a 'java/lang/NoSuchMethodError'{0x0000000084dfd358}: 'long java.lang.invoke.DirectMethodHandle$Holder.invokeStatic(java.lang.Object, long)'> (0x0000000084dfd358) 
thrown [s\src\hotspot\share\interpreter\linkResolver.cpp, line 771]
Event: 6.747 Thread 0x0000020e7bda6aa0 Exception <a 'java/lang/NoSuchMethodError'{0x00000000841b2c98}: 'java.lang.Object java.lang.invoke.DirectMethodHandle$Holder.newInvokeSpecial(java.lang.Object, java.lang.Object, java.lang.Object, java.lang.Object, int)'> (0x00000000841b2c98) 
thrown [s\src\hotspot\share\interpreter\linkResolver.cpp, line 771]
Event: 6.747 Thread 0x0000020e7bda6aa0 Exception <a 'java/lang/NoSuchMethodError'{0x00000000841b7d18}: 'java.lang.Object java.lang.invoke.DirectMethodHandle$Holder.invokeSpecial(java.lang.Object, java.lang.Object, java.lang.Object, java.lang.Object, java.lang.Object, int)'> (0x00000000841b7d18) 
thrown [s\src\hotspot\share\interpreter\linkResolver.cpp, line 771]
Event: 6.747 Thread 0x0000020e7bda6aa0 Exception <a 'java/lang/NoSuchMethodError'{0x00000000841bc748}: 'java.lang.Object java.lang.invoke.Invokers$Holder.linkToTargetMethod(java.lang.Object, java.lang.Object, java.lang.Object, int, java.lang.Object)'> (0x00000000841bc748) 
thrown [s\src\hotspot\share\interpreter\linkResolver.cpp, line 771]
Event: 6.752 Thread 0x0000020e7bda6aa0 Exception <a 'java/lang/NoSuchMethodError'{0x000000008403d860}: static Lorg/gradle/api/internal/catalog/DefaultVersionCatalog;.<clinit>()V> (0x000000008403d860) 
thrown [s\src\hotspot\share\prims\jni.cpp, line 1108]
Event: 6.755 Thread 0x0000020e7bda6aa0 Exception <a 'java/lang/NoSuchMethodError'{0x000000008408c100}: static [Ljava/lang/Object;.<clinit>()V> (0x000000008408c100) 
thrown [s\src\hotspot\share\prims\jni.cpp, line 1108]
Event: 6.756 Thread 0x0000020e7bda6aa0 Exception <a 'java/lang/NoSuchMethodError'{0x00000000840b1308}: static Lorg/gradle/api/internal/catalog/DependencyModel;.<clinit>()V> (0x00000000840b1308) 
thrown [s\src\hotspot\share\prims\jni.cpp, line 1108]
Event: 6.756 Thread 0x0000020e7bda6aa0 Exception <a 'java/lang/NoSuchMethodError'{0x00000000840b4a58}: static Lorg/gradle/api/internal/catalog/AbstractContextAwareModel;.<clinit>()V> (0x00000000840b4a58) 
thrown [s\src\hotspot\share\prims\jni.cpp, line 1108]
Event: 6.756 Thread 0x0000020e7bda6aa0 Exception <a 'java/lang/NoSuchMethodError'{0x00000000840cc3c8}: static Lorg/gradle/api/internal/artifacts/dependencies/AbstractVersionConstraint;.<clinit>()V> (0x00000000840cc3c8) 
thrown [s\src\hotspot\share\prims\jni.cpp, line 1108]
Event: 6.762 Thread 0x0000020e7bda6aa0 Exception <a 'java/lang/NoSuchMethodError'{0x0000000083f77408}: static Lorg/gradle/api/internal/catalog/PluginModel;.<clinit>()V> (0x0000000083f77408) 
thrown [s\src\hotspot\share\prims\jni.cpp, line 1108]
Event: 6.763 Thread 0x0000020e7bda6aa0 Exception <a 'java/lang/NoSuchMethodError'{0x0000000083f8c9e8}: static Lorg/gradle/api/internal/catalog/VersionModel;.<clinit>()V> (0x0000000083f8c9e8) 
thrown [s\src\hotspot\share\prims\jni.cpp, line 1108]
Event: 6.764 Thread 0x0000020e7bda6aa0 Exception <a 'java/lang/NoSuchMethodError'{0x0000000083fb0d10}: 'void java.lang.invoke.DirectMethodHandle$Holder.invokeSpecial(java.lang.Object, java.lang.Object, java.lang.Object, int)'> (0x0000000083fb0d10) 
thrown [s\src\hotspot\share\interpreter\linkResolver.cpp, line 771]
Event: 6.828 Thread 0x0000020e7bda6aa0 Exception <a 'java/lang/NoSuchMethodError'{0x0000000083b77500}: 'int java.lang.invoke.DirectMethodHandle$Holder.invokeSpecialIFC(java.lang.Object, java.lang.Object, java.lang.Object)'> (0x0000000083b77500) 
thrown [s\src\hotspot\share\interpreter\linkResolver.cpp, line 771]
Event: 6.887 Thread 0x0000020e7bda6aa0 Exception <a 'java/lang/NoSuchMethodError'{0x000000008372f768}: 'java.lang.Object java.lang.invoke.DirectMethodHandle$Holder.newInvokeSpecial(java.lang.Object, java.lang.Object, java.lang.Object, java.lang.Object, java.lang.Object, int)'> (0x000000008372f768) 
thrown [s\src\hotspot\share\interpreter\linkResolver.cpp, line 771]
Event: 6.887 Thread 0x0000020e7bda6aa0 Exception <a 'java/lang/NoSuchMethodError'{0x0000000083734bc0}: 'java.lang.Object java.lang.invoke.DirectMethodHandle$Holder.invokeSpecial(java.lang.Object, java.lang.Object, java.lang.Object, java.lang.Object, java.lang.Object, java.lang.Object, int)'> (0x0000000083734bc0) 
thrown [s\src\hotspot\share\interpreter\linkResolver.cpp, line 771]
Event: 6.890 Thread 0x0000020e7bda6aa0 Exception <a 'java/lang/NoSuchMethodError'{0x000000008376b600}: 'java.lang.Object java.lang.invoke.DirectMethodHandle$Holder.invokeSpecial(java.lang.Object, java.lang.Object, java.lang.Object, java.lang.Object, java.lang.Object, long)'> (0x000000008376b600) 
thrown [s\src\hotspot\share\interpreter\linkResolver.cpp, line 771]
Event: 6.892 Thread 0x0000020e7bda6aa0 Exception <a 'java/lang/NoSuchMethodError'{0x000000008378e340}: 'void java.lang.invoke.DirectMethodHandle$Holder.invokeStatic(java.lang.Object, java.lang.Object, java.lang.Object, int, java.lang.Object)'> (0x000000008378e340) 
thrown [s\src\hotspot\share\interpreter\linkResolver.cpp, line 771]

VM Operations (20 events):
Event: 5.406 Executing VM operation: HandshakeAllThreads done
Event: 5.428 Executing VM operation: HandshakeAllThreads
Event: 5.428 Executing VM operation: HandshakeAllThreads done
Event: 5.665 Executing VM operation: HandshakeAllThreads
Event: 5.665 Executing VM operation: HandshakeAllThreads done
Event: 5.795 Executing VM operation: G1CollectForAllocation
Event: 5.812 Executing VM operation: G1CollectForAllocation done
Event: 6.164 Executing VM operation: HandshakeAllThreads
Event: 6.164 Executing VM operation: HandshakeAllThreads done
Event: 6.225 Executing VM operation: HandshakeAllThreads
Event: 6.225 Executing VM operation: HandshakeAllThreads done
Event: 6.351 Executing VM operation: HandshakeAllThreads
Event: 6.351 Executing VM operation: HandshakeAllThreads done
Event: 6.371 Executing VM operation: G1CollectForAllocation
Event: 6.396 Executing VM operation: G1CollectForAllocation done
Event: 6.753 Executing VM operation: HandshakeAllThreads
Event: 6.753 Executing VM operation: HandshakeAllThreads done
Event: 6.915 Executing VM operation: ICBufferFull
Event: 6.915 Executing VM operation: ICBufferFull done
Event: 7.026 Executing VM operation: G1CollectForAllocation

Events (20 events):
Event: 6.769 loading class java/io/ObjectInputFilter$Config$BuiltinFilterFactory
Event: 6.769 loading class java/io/ObjectInputFilter$Config$BuiltinFilterFactory done
Event: 6.769 loading class jdk/internal/access/JavaObjectInputFilterAccess
Event: 6.769 loading class jdk/internal/access/JavaObjectInputFilterAccess done
Event: 6.770 loading class java/lang/System$Logger$Level
Event: 6.770 loading class java/lang/System$Logger$Level done
Event: 6.770 loading class jdk/internal/event/DeserializationEvent
Event: 6.770 loading class jdk/internal/event/DeserializationEvent done
Event: 6.770 loading class java/io/ObjectInputStream$FieldValues
Event: 6.770 loading class java/io/ObjectInputStream$GetField
Event: 6.770 loading class java/io/ObjectInputStream$GetField done
Event: 6.770 loading class java/io/ObjectInputStream$FieldValues done
Event: 6.773 loading class sun/reflect/ReflectionFactory
Event: 6.774 loading class sun/reflect/ReflectionFactory done
Event: 6.774 loading class sun/reflect/ReflectionFactory$1
Event: 6.774 loading class sun/reflect/ReflectionFactory$1 done
Event: 6.906 loading class java/util/LinkedList$LLSpliterator
Event: 6.906 loading class java/util/LinkedList$LLSpliterator done
Event: 6.914 loading class java/util/Collections$2
Event: 6.914 loading class java/util/Collections$2 done


Dynamic libraries:
0x00007ff657690000 - 0x00007ff65769a000 	C:\Program Files\Android\Android Studio\jbr\bin\java.exe
0x00007ff940050000 - 0x00007ff940266000 	C:\WINDOWS\SYSTEM32\ntdll.dll
0x00007ff93e9d0000 - 0x00007ff93ea94000 	C:\WINDOWS\System32\KERNEL32.DLL
0x00007ff93d610000 - 0x00007ff93d9b7000 	C:\WINDOWS\System32\KERNELBASE.dll
0x00007ff93d440000 - 0x00007ff93d551000 	C:\WINDOWS\System32\ucrtbase.dll
0x00007ff8ec4c0000 - 0x00007ff8ec4d7000 	C:\Program Files\Android\Android Studio\jbr\bin\jli.dll
0x00007ff91f610000 - 0x00007ff91f62b000 	C:\Program Files\Android\Android Studio\jbr\bin\VCRUNTIME140.dll
0x00007ff93fde0000 - 0x00007ff93ff8e000 	C:\WINDOWS\System32\USER32.dll
0x00007ff93d5e0000 - 0x00007ff93d606000 	C:\WINDOWS\System32\win32u.dll
0x00007ff9295e0000 - 0x00007ff929873000 	C:\WINDOWS\WinSxS\amd64_microsoft.windows.common-controls_6595b64144ccf1df_6.0.22621.3235_none_270f74e173860f98\COMCTL32.dll
0x00007ff93f630000 - 0x00007ff93f659000 	C:\WINDOWS\System32\GDI32.dll
0x00007ff93f6d0000 - 0x00007ff93f777000 	C:\WINDOWS\System32\msvcrt.dll
0x00007ff93db30000 - 0x00007ff93dc49000 	C:\WINDOWS\System32\gdi32full.dll
0x00007ff93d370000 - 0x00007ff93d40a000 	C:\WINDOWS\System32\msvcp_win.dll
0x00007ff93f670000 - 0x00007ff93f6a1000 	C:\WINDOWS\System32\IMM32.DLL
0x00007ff929160000 - 0x00007ff92916c000 	C:\Program Files\Android\Android Studio\jbr\bin\vcruntime140_1.dll
0x00007ff91f580000 - 0x00007ff91f60d000 	C:\Program Files\Android\Android Studio\jbr\bin\msvcp140.dll
0x00007ff8ed610000 - 0x00007ff8ee293000 	C:\Program Files\Android\Android Studio\jbr\bin\server\jvm.dll
0x00007ff93eb50000 - 0x00007ff93ec02000 	C:\WINDOWS\System32\ADVAPI32.dll
0x00007ff93eaa0000 - 0x00007ff93eb48000 	C:\WINDOWS\System32\sechost.dll
0x00007ff93d410000 - 0x00007ff93d438000 	C:\WINDOWS\System32\bcrypt.dll
0x00007ff93fcc0000 - 0x00007ff93fdd5000 	C:\WINDOWS\System32\RPCRT4.dll
0x00007ff920190000 - 0x00007ff920199000 	C:\WINDOWS\SYSTEM32\WSOCK32.dll
0x00007ff932f70000 - 0x00007ff932fa4000 	C:\WINDOWS\SYSTEM32\WINMM.dll
0x00007ff93c220000 - 0x00007ff93c26d000 	C:\WINDOWS\SYSTEM32\POWRPROF.dll
0x00007ff93e950000 - 0x00007ff93e9c1000 	C:\WINDOWS\System32\WS2_32.dll
0x00007ff9328d0000 - 0x00007ff9328da000 	C:\WINDOWS\SYSTEM32\VERSION.dll
0x00007ff93c200000 - 0x00007ff93c213000 	C:\WINDOWS\SYSTEM32\UMPDC.dll
0x00007ff93c4b0000 - 0x00007ff93c4c8000 	C:\WINDOWS\SYSTEM32\kernel.appcore.dll
0x00007ff9095c0000 - 0x00007ff9095ca000 	C:\Program Files\Android\Android Studio\jbr\bin\jimage.dll
0x00007ff93ae70000 - 0x00007ff93b0a3000 	C:\WINDOWS\SYSTEM32\DBGHELP.DLL
0x00007ff93de90000 - 0x00007ff93e218000 	C:\WINDOWS\System32\combase.dll
0x00007ff93fbe0000 - 0x00007ff93fcb7000 	C:\WINDOWS\System32\OLEAUT32.dll
0x00007ff922f30000 - 0x00007ff922f62000 	C:\WINDOWS\SYSTEM32\dbgcore.DLL
0x00007ff93d560000 - 0x00007ff93d5d9000 	C:\WINDOWS\System32\bcryptPrimitives.dll
0x00007ff8ec4e0000 - 0x00007ff8ec4ee000 	C:\Program Files\Android\Android Studio\jbr\bin\instrument.dll
0x00007ff8ed5e0000 - 0x00007ff8ed605000 	C:\Program Files\Android\Android Studio\jbr\bin\java.dll
0x00007ff8ed5c0000 - 0x00007ff8ed5d8000 	C:\Program Files\Android\Android Studio\jbr\bin\zip.dll
0x00007ff93ec10000 - 0x00007ff93f46c000 	C:\WINDOWS\System32\SHELL32.dll
0x00007ff93b2d0000 - 0x00007ff93bbc9000 	C:\WINDOWS\SYSTEM32\windows.storage.dll
0x00007ff93b190000 - 0x00007ff93b2ce000 	C:\WINDOWS\SYSTEM32\wintypes.dll
0x00007ff93f9c0000 - 0x00007ff93fab3000 	C:\WINDOWS\System32\SHCORE.dll
0x00007ff93dd80000 - 0x00007ff93ddde000 	C:\WINDOWS\System32\shlwapi.dll
0x00007ff93d2a0000 - 0x00007ff93d2c1000 	C:\WINDOWS\SYSTEM32\profapi.dll
0x00007ff922ee0000 - 0x00007ff922ef9000 	C:\Program Files\Android\Android Studio\jbr\bin\net.dll
0x00007ff933cb0000 - 0x00007ff933de6000 	C:\WINDOWS\SYSTEM32\WINHTTP.dll
0x00007ff93c920000 - 0x00007ff93c989000 	C:\WINDOWS\system32\mswsock.dll
0x00007ff922ec0000 - 0x00007ff922ed6000 	C:\Program Files\Android\Android Studio\jbr\bin\nio.dll
0x00007ff9075f0000 - 0x00007ff907600000 	C:\Program Files\Android\Android Studio\jbr\bin\verify.dll
0x00007ff8f7a90000 - 0x00007ff8f7ab7000 	C:\Users\dohie\.gradle\native\c067742578af261105cb4f569cf0c3c89f3d7b1fecec35dd04571415982c5e48\windows-amd64\native-platform.dll
0x00007ff8f2c10000 - 0x00007ff8f2d54000 	C:\Users\dohie\.gradle\native\38dada09dfb8b06ba9b0570ebf7e218e3eb74d4ef43ca46872605cf95ebc2f47\windows-amd64\native-platform-file-events.dll
0x00007ff8e5240000 - 0x00007ff8e5249000 	C:\Program Files\Android\Android Studio\jbr\bin\management.dll
0x00007ff8e5230000 - 0x00007ff8e523b000 	C:\Program Files\Android\Android Studio\jbr\bin\management_ext.dll
0x00007ff93dde0000 - 0x00007ff93dde8000 	C:\WINDOWS\System32\PSAPI.DLL
0x00007ff93cb70000 - 0x00007ff93cb8b000 	C:\WINDOWS\SYSTEM32\CRYPTSP.dll
0x00007ff93c410000 - 0x00007ff93c445000 	C:\WINDOWS\system32\rsaenh.dll
0x00007ff93ca10000 - 0x00007ff93ca38000 	C:\WINDOWS\SYSTEM32\USERENV.dll
0x00007ff93cb90000 - 0x00007ff93cb9c000 	C:\WINDOWS\SYSTEM32\CRYPTBASE.dll
0x00007ff93bea0000 - 0x00007ff93becd000 	C:\WINDOWS\SYSTEM32\IPHLPAPI.DLL
0x00007ff93f9b0000 - 0x00007ff93f9b9000 	C:\WINDOWS\System32\NSI.dll
0x00007ff9337c0000 - 0x00007ff9337d9000 	C:\WINDOWS\SYSTEM32\dhcpcsvc6.DLL
0x00007ff933760000 - 0x00007ff93377f000 	C:\WINDOWS\SYSTEM32\dhcpcsvc.DLL
0x00007ff93bf10000 - 0x00007ff93c009000 	C:\WINDOWS\SYSTEM32\DNSAPI.dll
0x00007ff8ee330000 - 0x00007ff8ee338000 	C:\WINDOWS\system32\wshunix.dll

dbghelp: loaded successfully - version: 4.0.5 - missing functions: none
symbol engine: initialized successfully - sym options: 0x614 - pdb path: .;C:\Program Files\Android\Android Studio\jbr\bin;C:\WINDOWS\SYSTEM32;C:\WINDOWS\WinSxS\amd64_microsoft.windows.common-controls_6595b64144ccf1df_6.0.22621.3235_none_270f74e173860f98;C:\Program Files\Android\Android Studio\jbr\bin\server;C:\Users\dohie\.gradle\native\c067742578af261105cb4f569cf0c3c89f3d7b1fecec35dd04571415982c5e48\windows-amd64;C:\Users\dohie\.gradle\native\38dada09dfb8b06ba9b0570ebf7e218e3eb74d4ef43ca46872605cf95ebc2f47\windows-amd64

VM Arguments:
jvm_args: --add-opens=java.base/java.util=ALL-UNNAMED --add-opens=java.base/java.lang=ALL-UNNAMED --add-opens=java.base/java.lang.invoke=ALL-UNNAMED --add-opens=java.prefs/java.util.prefs=ALL-UNNAMED --add-opens=java.base/java.nio.charset=ALL-UNNAMED --add-opens=java.base/java.net=ALL-UNNAMED --add-opens=java.base/java.util.concurrent.atomic=ALL-UNNAMED -Xmx2048m -Dfile.encoding=UTF-8 -Duser.country=US -Duser.language=en -Duser.variant -javaagent:C:\Users\dohie\.gradle\wrapper\dists\gradle-8.4-bin\1w5dpkrfk8irigvoxmyhowfim\gradle-8.4\lib\agents\gradle-instrumentation-agent-8.4.jar 
java_command: org.gradle.launcher.daemon.bootstrap.GradleDaemon 8.4
java_class_path (initial): C:\Users\dohie\.gradle\wrapper\dists\gradle-8.4-bin\1w5dpkrfk8irigvoxmyhowfim\gradle-8.4\lib\gradle-launcher-8.4.jar
Launcher Type: SUN_STANDARD

[Global flags]
     intx CICompilerCount                          = 4                                         {product} {ergonomic}
     uint ConcGCThreads                            = 3                                         {product} {ergonomic}
     uint G1ConcRefinementThreads                  = 10                                        {product} {ergonomic}
   size_t G1HeapRegionSize                         = 1048576                                   {product} {ergonomic}
    uintx GCDrainStackTargetSize                   = 64                                        {product} {ergonomic}
   size_t InitialHeapSize                          = 132120576                                 {product} {ergonomic}
   size_t MarkStackSize                            = 4194304                                   {product} {ergonomic}
   size_t MaxHeapSize                              = 2147483648                                {product} {command line}
   size_t MaxNewSize                               = 1287651328                                {product} {ergonomic}
   size_t MinHeapDeltaBytes                        = 1048576                                   {product} {ergonomic}
   size_t MinHeapSize                              = 8388608                                   {product} {ergonomic}
    uintx NonNMethodCodeHeapSize                   = 5839372                                {pd product} {ergonomic}
    uintx NonProfiledCodeHeapSize                  = 122909434                              {pd product} {ergonomic}
    uintx ProfiledCodeHeapSize                     = 122909434                              {pd product} {ergonomic}
    uintx ReservedCodeCacheSize                    = 251658240                              {pd product} {ergonomic}
     bool SegmentedCodeCache                       = true                                      {product} {ergonomic}
   size_t SoftMaxHeapSize                          = 2147483648                             {manageable} {ergonomic}
     bool UseCompressedClassPointers               = true                           {product lp64_product} {ergonomic}
     bool UseCompressedOops                        = true                           {product lp64_product} {ergonomic}
     bool UseG1GC                                  = true                                      {product} {ergonomic}
     bool UseLargePagesIndividualAllocation        = false                                  {pd product} {ergonomic}

Logging:
Log output configuration:
 #0: stdout all=warning uptime,level,tags
 #1: stderr all=off uptime,level,tags

Environment Variables:
JAVA_HOME=C:\Program Files\jdk-17
PATH=C:\Program Files\Common Files\Oracle\Java\javapath;C:\Windows\system32;C:\Windows;C:\Windows\System32\Wbem;C:\Windows\System32\WindowsPowerShell\v1.0\;C:\Windows\System32\OpenSSH\;C:\Program Files (x86)\NVIDIA Corporation\PhysX\Common;C:\Program Files\NVIDIA Corporation\NVIDIA NvDLISR;C:\WINDOWS\system32;C:\WINDOWS;C:\WINDOWS\System32\Wbem;C:\WINDOWS\System32\WindowsPowerShell\v1.0\;C:\WINDOWS\System32\OpenSSH\;C:\Program Files (x86)\PowerShell\7\;C:\Program Files\Git\cmd;C:\Program Files\nodejs\;C:\Users\dohie\AppData\Local\Android\Sdk\tools;C:\Users\dohie\AppData\Local\Microsoft\WindowsApps;C:\Users\dohie\AppData\Local\Programs\Microsoft VS Code\bin;C:\Program Files\JetBrains\WebStorm 2023.3.2\bin;;C:\Users\dohie\AppData\Roaming\npm;C:\Users\dohie\AppData\Local\Android\Sdk\platforms;C:\Users\dohie\AppData\Local\Android\Sdk\platform-tools;
USERNAME=dohie
OS=Windows_NT
PROCESSOR_IDENTIFIER=Intel64 Family 6 Model 141 Stepping 1, GenuineIntel
TMP=C:\Users\dohie\AppData\Local\Temp
TEMP=C:\Users\dohie\AppData\Local\Temp



Periodic native trim disabled

JNI global refs:
JNI global refs: 26, weak refs: 1

JNI global refs memory usage: 843, weak refs: 841

OOME stack traces (most recent first):
Classloader memory used:
Loader org.gradle.internal.classloader.VisitableURLClassLoader                         : 3355K
Loader bootstrap                                                                       : 2407K
Loader org.gradle.initialization.MixInLegacyTypesClassLoader                           : 991K
Loader jdk.internal.loader.ClassLoaders$PlatformClassLoader                            : 65559B
Loader jdk.internal.loader.ClassLoaders$AppClassLoader                                 : 28117B
Loader jdk.internal.reflect.DelegatingClassLoader                                      : 16606B
Loader org.gradle.internal.classloader.VisitableURLClassLoader                         : 7712B
Loader org.gradle.internal.classloader.VisitableURLClassLoader$InstrumentingVisitableURLClassLoader: 4767B

Classes loaded by more than one classloader:
Class Program                                                                         : loaded 3 times (x 70B)
Class org.gradle.internal.classpath.ClassPath                                         : loaded 2 times (x 68B)
Class org.gradle.api.internal.classpath.DefaultModuleRegistry                         : loaded 2 times (x 84B)
Class Settings_gradle$1$1                                                             : loaded 2 times (x 72B)
Class org.gradle.api.Action                                                           : loaded 2 times (x 68B)
Class org.gradle.api.internal.DefaultClassPathProvider                                : loaded 2 times (x 74B)
Class org.gradle.internal.installation.GradleInstallation$1                           : loaded 2 times (x 73B)
Class org.gradle.internal.classloader.FilteringClassLoader                            : loaded 2 times (x 103B)
Class org.gradle.internal.classpath.DefaultClassPath$ImmutableUniqueList$Builder      : loaded 2 times (x 73B)
Class org.gradle.internal.classloader.ClassLoaderVisitor                              : loaded 2 times (x 74B)
Class org.gradle.internal.service.DefaultServiceLocator                               : loaded 2 times (x 81B)
Class org.gradle.internal.service.UnknownServiceException                             : loaded 2 times (x 81B)
Class org.gradle.internal.classloader.DefaultClassLoaderFactory                       : loaded 2 times (x 80B)
Class org.gradle.internal.classloader.VisitableURLClassLoader$Spec                    : loaded 2 times (x 72B)
Class org.gradle.api.GradleException                                                  : loaded 2 times (x 80B)
Class org.gradle.api.internal.classpath.ModuleRegistry                                : loaded 2 times (x 68B)
Class org.gradle.api.internal.ClassPathProvider                                       : loaded 2 times (x 68B)
Class org.gradle.internal.classloader.ClasspathUtil$1                                 : loaded 2 times (x 74B)
Class org.gradle.internal.classloader.ClassLoaderFactory                              : loaded 2 times (x 68B)
Class org.gradle.api.internal.classpath.ManifestUtil                                  : loaded 2 times (x 69B)
Class org.gradle.api.specs.Spec                                                       : loaded 2 times (x 68B)
Class org.gradle.internal.IoActions                                                   : loaded 2 times (x 69B)
Class org.gradle.api.internal.classpath.EffectiveClassPath                            : loaded 2 times (x 88B)
Class org.gradle.internal.installation.CurrentGradleInstallation                      : loaded 2 times (x 71B)
Class org.gradle.internal.agents.InstrumentingClassLoader                             : loaded 2 times (x 68B)
Class org.gradle.internal.installation.CurrentGradleInstallationLocator               : loaded 2 times (x 69B)
Class org.gradle.api.internal.classpath.Module                                        : loaded 2 times (x 68B)
Class org.gradle.internal.service.CachingServiceLocator                               : loaded 2 times (x 80B)
Class org.gradle.internal.classpath.DefaultClassPath                                  : loaded 2 times (x 88B)
Class org.gradle.internal.classloader.SystemClassLoaderSpec                           : loaded 2 times (x 69B)
Class org.gradle.api.UncheckedIOException                                             : loaded 2 times (x 80B)
Class org.gradle.internal.installation.GradleInstallation                             : loaded 2 times (x 73B)
Class org.gradle.internal.classloader.ClasspathUtil                                   : loaded 2 times (x 69B)
Class org.gradle.api.internal.DefaultClassPathRegistry                                : loaded 2 times (x 74B)
Class org.gradle.api.internal.classpath.DefaultModuleRegistry$DefaultModule           : loaded 2 times (x 84B)
Class org.gradle.api.internal.classpath.UnknownModuleException                        : loaded 2 times (x 80B)
Class org.gradle.internal.service.ServiceLookupException                              : loaded 2 times (x 80B)
Class org.gradle.cache.GlobalCache                                                    : loaded 2 times (x 68B)
Class [Lorg.gradle.api.internal.ClassPathProvider;                                    : loaded 2 times (x 67B)
Class org.gradle.util.internal.GUtil                                                  : loaded 2 times (x 69B)
Class org.gradle.internal.classloader.ClassLoaderSpec                                 : loaded 2 times (x 69B)
Class org.gradle.internal.classloader.VisitableURLClassLoader                         : loaded 2 times (x 115B)
Class org.gradle.internal.Cast                                                        : loaded 2 times (x 69B)
Class org.gradle.api.internal.ClassPathRegistry                                       : loaded 2 times (x 68B)
Class org.gradle.internal.classloader.VisitableURLClassLoader$InstrumentingVisitableURLClassLoader: loaded 2 times (x 121B)
Class org.gradle.internal.classloader.ClassLoaderHierarchy                            : loaded 2 times (x 68B)
Class org.gradle.internal.InternalTransformer                                         : loaded 2 times (x 68B)
Class org.gradle.internal.service.ServiceLocator                                      : loaded 2 times (x 68B)
Class Settings_gradle$1                                                               : loaded 2 times (x 72B)
Class org.gradle.internal.classpath.DefaultClassPath$ImmutableUniqueList              : loaded 2 times (x 159B)
Class org.gradle.internal.classpath.TransformedClassPath                              : loaded 2 times (x 94B)
Class Settings_gradle                                                                 : loaded 2 times (x 126B)


---------------  S Y S T E M  ---------------

OS:
 Windows 11 , 64 bit Build 22621 (10.0.22621.3374)
OS uptime: 0 days 0:04 hours

CPU: total 12 (initial active 12) (6 cores per cpu, 2 threads per core) family 6 model 141 stepping 1 microcode 0x3c, cx8, cmov, fxsr, ht, mmx, 3dnowpref, sse, sse2, sse3, ssse3, sse4.1, sse4.2, popcnt, lzcnt, tsc, tscinvbit, avx, avx2, aes, erms, clmul, bmi1, bmi2, adx, avx512f, avx512dq, avx512cd, avx512bw, avx512vl, sha, fma, vzeroupper, avx512_vpopcntdq, avx512_vpclmulqdq, avx512_vaes, avx512_vnni, clflush, clflushopt, clwb, avx512_vbmi2, avx512_vbmi
Processor Information for all 12 processors :
  Max Mhz: 2688, Current Mhz: 2688, Mhz Limit: 2688

Memory: 4k page, system-wide physical 7955M (313M free)
TotalPageFile size 15123M (AvailPageFile size 38M)
current process WorkingSet (physical memory assigned to process): 239M, peak: 245M
current process commit charge ("private bytes"): 279M, peak: 318M

vm_info: OpenJDK 64-Bit Server VM (17.0.9+0--11185874) for windows-amd64 JRE (17.0.9+0--11185874), built on Dec  6 2023 18:57:44 by "androidbuild" with MS VC++ 16.10 / 16.11 (VS2019)

END.
